<?xml version="1.0" encoding="UTF-8"?>
<!-- Generated by org.testng.reporters.JUnitXMLReporter -->
<testsuite hostname="abhaik-ws01" name="Default test" tests="3" failures="0" timestamp="1 Nov 2017 05:46:53 GMT" time="3.097" errors="0">
  <testcase name="test" time="1.034" classname="learnSelenium._15_1_DataProvider_Basic"/>
  <testcase name="test" time="1.003" classname="learnSelenium._15_1_DataProvider_Basic"/>
  <testcase name="test" time="1.003" classname="learnSelenium._15_1_DataProvider_Basic"/>
</testsuite> <!-- Default test -->
