<?xml version="1.0" encoding="UTF-8"?>
<testng-results skipped="0" failed="0" total="1" passed="1">
  <reporter-output>
  </reporter-output>
  <suite name="Suite" duration-ms="14456" started-at="2017-07-31T11:01:08Z" finished-at="2017-07-31T11:01:23Z">
    <groups>
    </groups>
    <test name="Test" duration-ms="14456" started-at="2017-07-31T11:01:08Z" finished-at="2017-07-31T11:01:23Z">
      <class name="learnSelenium.LaunchBrowser">
        <test-method status="PASS" signature="runBrowser()[pri:0, instance:learnSelenium.LaunchBrowser@47f6473]" name="runBrowser" duration-ms="14430" started-at="2017-07-31T16:31:08Z" finished-at="2017-07-31T16:31:23Z">
          <reporter-output>
          </reporter-output>
        </test-method> <!-- runBrowser -->
      </class> <!-- learnSelenium.LaunchBrowser -->
    </test> <!-- Test -->
  </suite> <!-- Suite -->
</testng-results>
