<?xml version="1.0" encoding="UTF-8"?>
<testng-results skipped="0" failed="0" total="3" passed="3">
  <reporter-output>
  </reporter-output>
  <suite name="Default suite" duration-ms="3097" started-at="2017-11-01T05:46:50Z" finished-at="2017-11-01T05:46:53Z">
    <groups>
    </groups>
    <test name="Default test" duration-ms="3097" started-at="2017-11-01T05:46:50Z" finished-at="2017-11-01T05:46:53Z">
      <class name="learnSelenium._15_1_DataProvider_Basic">
        <test-method status="PASS" signature="test(java.lang.String, java.lang.String)[pri:0, instance:learnSelenium._15_1_DataProvider_Basic@6a41eaa2]" name="test" duration-ms="1034" started-at="2017-11-01T11:16:50Z" data-provider="AuthenticationImp" finished-at="2017-11-01T11:16:51Z">
          <params>
            <param index="0">
              <value>
                <![CDATA[user1]]>
              </value>
            </param>
            <param index="1">
              <value>
                <![CDATA[pwd1]]>
              </value>
            </param>
          </params>
          <reporter-output>
          </reporter-output>
        </test-method> <!-- test -->
        <test-method status="PASS" signature="test(java.lang.String, java.lang.String)[pri:0, instance:learnSelenium._15_1_DataProvider_Basic@6a41eaa2]" name="test" duration-ms="1003" started-at="2017-11-01T11:16:51Z" data-provider="AuthenticationImp" finished-at="2017-11-01T11:16:52Z">
          <params>
            <param index="0">
              <value>
                <![CDATA[user2]]>
              </value>
            </param>
            <param index="1">
              <value>
                <![CDATA[pwd2]]>
              </value>
            </param>
          </params>
          <reporter-output>
          </reporter-output>
        </test-method> <!-- test -->
        <test-method status="PASS" signature="test(java.lang.String, java.lang.String)[pri:0, instance:learnSelenium._15_1_DataProvider_Basic@6a41eaa2]" name="test" duration-ms="1003" started-at="2017-11-01T11:16:52Z" data-provider="AuthenticationImp" finished-at="2017-11-01T11:16:53Z">
          <params>
            <param index="0">
              <value>
                <![CDATA[user3]]>
              </value>
            </param>
            <param index="1">
              <value>
                <![CDATA[pwd3]]>
              </value>
            </param>
          </params>
          <reporter-output>
          </reporter-output>
        </test-method> <!-- test -->
      </class> <!-- learnSelenium._15_1_DataProvider_Basic -->
    </test> <!-- Default test -->
  </suite> <!-- Default suite -->
</testng-results>
